<?xml version="1.0" encoding="UTF-8"?>
<!-- Generated by org.testng.reporters.JUnitReportReporter -->
<testsuite hostname="Lenovo" failures="0" tests="3" name="org.testng.demo.Demo3" time="0.087" errors="0" timestamp="2022-11-12T15:53:09 IST" skipped="0">
  <testcase classname="org.testng.demo.Demo3" name="Causualdress" time="0.041"/>
  <system-out/>
  <testcase classname="org.testng.demo.Demo3" name="evening" time="0.028"/>
  <system-out/>
  <testcase classname="org.testng.demo.Demo3" name="Summerdress" time="0.018"/>
  <system-out/>
</testsuite> <!-- org.testng.demo.Demo3 -->
