<?xml version="1.0" encoding="UTF-8"?>
<!-- Generated by org.testng.reporters.JUnitReportReporter -->
<testsuite hostname="Lenovo" failures="0" tests="2" name="org.annotation.Parallel" time="25.872" errors="0" timestamp="2022-11-20T08:08:47 IST" skipped="0">
  <testcase classname="org.annotation.Parallel" name="food" time="12.327"/>
  <system-out/>
  <testcase classname="org.annotation.Parallel" name="socialmedia" time="13.545"/>
  <system-out/>
</testsuite> <!-- org.annotation.Parallel -->
