<?xml version="1.0" encoding="UTF-8"?>
<!-- Generated by org.testng.reporters.JUnitReportReporter -->
<testsuite hostname="Lenovo" failures="0" tests="2" name="org.testng.demo.Demo2" time="0.049" errors="0" timestamp="2022-11-12T15:17:44 IST" skipped="0">
  <testcase classname="org.testng.demo.Demo2" name="Casualdress" time="0.042"/>
  <system-out/>
  <testcase classname="org.testng.demo.Demo2" name="summerdress" time="0.007"/>
  <system-out/>
</testsuite> <!-- org.testng.demo.Demo2 -->
