<?xml version="1.0" encoding="UTF-8"?>
<!-- Generated by org.testng.reporters.JUnitReportReporter -->
<testsuite hostname="Lenovo" failures="0" tests="2" name="org.annotation.Group_Of_Groups" time="0.052" errors="0" timestamp="2022-11-16T13:01:18 IST" skipped="0">
  <testcase classname="org.annotation.Group_Of_Groups" name="briyani" time="0.039"/>
  <system-out/>
  <testcase classname="org.annotation.Group_Of_Groups" name="paratta" time="0.013"/>
  <system-out/>
</testsuite> <!-- org.annotation.Group_Of_Groups -->
