<?xml version="1.0" encoding="UTF-8"?>
<!-- Generated by org.testng.reporters.JUnitReportReporter -->
<testsuite hostname="Lenovo" failures="0" tests="1" name="org.testng.demo.Testng_Annotations" time="0.047" errors="0" timestamp="2022-11-12T15:07:51 IST" skipped="0">
  <testcase classname="org.testng.demo.Testng_Annotations" name="Casualdress" time="0.047"/>
  <system-out/>
</testsuite> <!-- org.testng.demo.Testng_Annotations -->
