<?xml version="1.0" encoding="UTF-8"?>
<!-- Generated by org.testng.reporters.JUnitReportReporter -->
<testsuite hostname="Lenovo" failures="0" tests="3" name="org.annotation.Data_Provider" time="0.354" errors="0" timestamp="2022-11-18T12:19:09 IST" skipped="0">
  <testcase classname="org.annotation.Data_Provider" name="details" time="0.044"/>
  <system-out/>
  <testcase classname="org.annotation.Data_Provider" name="details" time="0.100"/>
  <system-out/>
  <testcase classname="org.annotation.Data_Provider" name="details" time="0.210"/>
  <system-out/>
</testsuite> <!-- org.annotation.Data_Provider -->
