<?xml version="1.0" encoding="UTF-8"?>
<!-- Generated by org.testng.reporters.JUnitReportReporter -->
<testsuite hostname="Lenovo" failures="0" tests="3" name="org.annotation.Parameter_Singledata" time="0.291" errors="0" timestamp="2022-11-18T11:50:50 IST" skipped="0">
  <testcase classname="org.annotation.Parameter_Singledata" name="travel" time="0.015"/>
  <system-out/>
  <testcase classname="org.annotation.Parameter_Singledata" name="dress" time="0.253"/>
  <system-out/>
  <testcase classname="org.annotation.Parameter_Singledata" name="name" time="0.023"/>
  <system-out/>
</testsuite> <!-- org.annotation.Parameter_Singledata -->
