<?xml version="1.0" encoding="UTF-8"?>
<!-- Generated by org.testng.reporters.JUnitReportReporter -->
<testsuite hostname="Lenovo" failures="0" tests="3" name="org.annotation.Enable_Demo" time="6.676" errors="0" timestamp="2022-11-15T17:42:13 IST" skipped="1">
  <testcase classname="org.annotation.Enable_Demo" name="username" time="0.476"/>
  <system-out/>
  <testcase classname="org.annotation.Enable_Demo" name="url" time="6.200"/>
  <system-out/>
  <testcase classname="org.annotation.Enable_Demo" name="password">
    <skipped/>
  </testcase> <!-- password -->
  <system-out/>
</testsuite> <!-- org.annotation.Enable_Demo -->
