<?xml version="1.0" encoding="UTF-8"?>
<!-- Generated by org.testng.reporters.JUnitReportReporter -->
<testsuite hostname="Lenovo" failures="0" tests="1" name="org.annotation.Excepted_Exception_Annotation" time="0.092" errors="0" timestamp="2022-11-14T18:10:31 IST" skipped="0">
  <testcase classname="org.annotation.Excepted_Exception_Annotation" name="name" time="0.092"/>
  <system-out/>
</testsuite> <!-- org.annotation.Excepted_Exception_Annotation -->
