<?xml version="1.0" encoding="UTF-8"?>
<!-- Generated by org.testng.reporters.JUnitReportReporter -->
<testsuite hostname="Lenovo" failures="0" tests="5" name="org.annotation.Adactin_TestNG_Annotation" time="19.550" errors="0" timestamp="2022-11-20T20:08:14 IST" skipped="0">
  <testcase classname="org.annotation.Adactin_TestNG_Annotation" name="signinadactin" time="8.494"/>
  <system-out/>
  <testcase classname="org.annotation.Adactin_TestNG_Annotation" name="selecthotel" time="5.799"/>
  <system-out/>
  <testcase classname="org.annotation.Adactin_TestNG_Annotation" name="bookhotel" time="2.431"/>
  <system-out/>
  <testcase classname="org.annotation.Adactin_TestNG_Annotation" name="liteneary" time="1.682"/>
  <system-out/>
  <testcase classname="org.annotation.Adactin_TestNG_Annotation" name="log" time="1.144"/>
  <system-out/>
</testsuite> <!-- org.annotation.Adactin_TestNG_Annotation -->
