<?xml version="1.0" encoding="UTF-8"?>
<!-- Generated by org.testng.reporters.JUnitReportReporter -->
<testsuite hostname="Lenovo" failures="0" tests="3" name="org.annotation.Priority_Annotation" time="0.060" errors="0" timestamp="2022-11-14T17:30:24 IST" skipped="0">
  <testcase classname="org.annotation.Priority_Annotation" name="Summer" time="0.048"/>
  <system-out/>
  <testcase classname="org.annotation.Priority_Annotation" name="Rain" time="0.007"/>
  <system-out/>
  <testcase classname="org.annotation.Priority_Annotation" name="Wind" time="0.005"/>
  <system-out/>
</testsuite> <!-- org.annotation.Priority_Annotation -->
