<?xml version="1.0" encoding="UTF-8"?>
<!-- Generated by org.testng.reporters.JUnitReportReporter -->
<testsuite hostname="Lenovo" failures="0" tests="3" name="org.testng.demo.Demo4" time="0.068" errors="0" timestamp="2022-11-12T16:01:45 IST" skipped="0">
  <testcase classname="org.testng.demo.Demo4" name="evening" time="0.016"/>
  <system-out/>
  <testcase classname="org.testng.demo.Demo4" name="Causualdress" time="0.034"/>
  <system-out/>
  <testcase classname="org.testng.demo.Demo4" name="Summerdress" time="0.018"/>
  <system-out/>
</testsuite> <!-- org.testng.demo.Demo4 -->
