<?xml version="1.0" encoding="UTF-8"?>
<!-- Generated by org.testng.reporters.JUnitReportReporter -->
<testsuite hostname="Lenovo" failures="0" tests="3" name="org.annotation.Data_providerclass" time="0.732" errors="0" timestamp="2022-11-20T07:51:47 IST" skipped="0">
  <testcase classname="org.annotation.Data_providerclass" name="proclass" time="0.038"/>
  <system-out/>
  <testcase classname="org.annotation.Data_providerclass" name="proclass" time="0.017"/>
  <system-out/>
  <testcase classname="org.annotation.Data_providerclass" name="proclass" time="0.677"/>
  <system-out/>
</testsuite> <!-- org.annotation.Data_providerclass -->
