<?xml version="1.0" encoding="UTF-8"?>
<!-- Generated by org.testng.reporters.JUnitReportReporter -->
<testsuite hostname="Lenovo" failures="0" tests="2" name="org.annotation.Description_Annotation" time="0.113" errors="0" timestamp="2022-11-14T17:38:40 IST" skipped="0">
  <testcase classname="org.annotation.Description_Annotation" name="Summer" time="0.004"/>
  <system-out/>
  <testcase classname="org.annotation.Description_Annotation" name="Rain" time="0.109"/>
  <system-out/>
</testsuite> <!-- org.annotation.Description_Annotation -->
