<?xml version="1.0" encoding="UTF-8"?>
<!-- Generated by org.testng.reporters.JUnitReportReporter -->
<testsuite hostname="Lenovo" failures="0" tests="1" name="org.annotation.Timeout_Annotation" time="13.949" errors="0" timestamp="2022-11-14T18:03:48 IST" skipped="0">
  <testcase classname="org.annotation.Timeout_Annotation" name="signin" time="13.949"/>
  <system-out/>
</testsuite> <!-- org.annotation.Timeout_Annotation -->
