<?xml version="1.0" encoding="UTF-8"?>
<!-- Generated by org.testng.reporters.JUnitReportReporter -->
<testsuite hostname="Lenovo" failures="0" tests="3" name="org.annotation.Dataprovider" time="0.319" errors="0" timestamp="2022-11-18T12:01:47 IST" skipped="0">
  <testcase classname="org.annotation.Dataprovider" name="details" time="0.034"/>
  <system-out/>
  <testcase classname="org.annotation.Dataprovider" name="details" time="0.245"/>
  <system-out/>
  <testcase classname="org.annotation.Dataprovider" name="details" time="0.040"/>
  <system-out/>
</testsuite> <!-- org.annotation.Dataprovider -->
