<?xml version="1.0" encoding="UTF-8"?>
<!-- Generated by org.testng.reporters.JUnitReportReporter -->
<testsuite hostname="Lenovo" failures="0" tests="3" name="org.annotation.Invocation_Count_Timeout" time="5.487" errors="0" timestamp="2022-11-14T18:32:56 IST" skipped="0">
  <testcase classname="org.annotation.Invocation_Count_Timeout" name="url" time="5.158"/>
  <system-out/>
  <testcase classname="org.annotation.Invocation_Count_Timeout" name="refresh" time="0.013"/>
  <system-out/>
  <testcase classname="org.annotation.Invocation_Count_Timeout" name="username" time="0.316"/>
  <system-out/>
</testsuite> <!-- org.annotation.Invocation_Count_Timeout -->
